2022-02-20 11:50:27 - PHP Unknown:  mysqli::real_escape_string(): Passing null to parameter #1 ($string) of type string is deprecated in E:\projects\opencart\opencart\upload\system\library\db\mysqli.php on line 53
2022-02-20 11:50:27 - PHP Unknown:  Automatic conversion of false to array is deprecated in E:\projects\opencart\opencart\upload\catalog\controller\startup\startup.php on line 103
2022-02-20 11:50:28 - PHP Unknown:  round(): Passing null to parameter #1 ($num) of type int|float is deprecated in E:\projects\opencart\opencart\upload\catalog\model\catalog\product.php on line 45
2022-02-20 11:50:29 - PHP Unknown:  round(): Passing null to parameter #1 ($num) of type int|float is deprecated in E:\projects\opencart\opencart\upload\catalog\model\catalog\product.php on line 45
2022-02-20 11:50:29 - PHP Unknown:  round(): Passing null to parameter #1 ($num) of type int|float is deprecated in E:\projects\opencart\opencart\upload\catalog\model\catalog\product.php on line 45
2022-02-20 11:50:29 - PHP Unknown:  round(): Passing null to parameter #1 ($num) of type int|float is deprecated in E:\projects\opencart\opencart\upload\catalog\model\catalog\product.php on line 45
2022-02-20 11:50:29 - PHP Unknown:  mysqli::real_escape_string(): Passing null to parameter #1 ($string) of type string is deprecated in E:\projects\opencart\opencart\upload\system\library\db\mysqli.php on line 53
2022-02-20 11:50:29 - PHP Unknown:  Automatic conversion of false to array is deprecated in E:\projects\opencart\opencart\upload\catalog\controller\startup\startup.php on line 103
2022-02-20 11:50:29 - PHP Unknown:  round(): Passing null to parameter #1 ($num) of type int|float is deprecated in E:\projects\opencart\opencart\upload\catalog\model\catalog\product.php on line 45
2022-02-20 11:50:29 - PHP Unknown:  round(): Passing null to parameter #1 ($num) of type int|float is deprecated in E:\projects\opencart\opencart\upload\catalog\model\catalog\product.php on line 45
2022-02-20 11:50:29 - PHP Unknown:  round(): Passing null to parameter #1 ($num) of type int|float is deprecated in E:\projects\opencart\opencart\upload\catalog\model\catalog\product.php on line 45
2022-02-20 11:50:29 - PHP Unknown:  round(): Passing null to parameter #1 ($num) of type int|float is deprecated in E:\projects\opencart\opencart\upload\catalog\model\catalog\product.php on line 45
2022-02-20 11:51:41 - PHP Unknown:  mysqli::real_escape_string(): Passing null to parameter #1 ($string) of type string is deprecated in E:\projects\opencart\opencart\upload\system\library\db\mysqli.php on line 53
2022-02-20 11:51:41 - PHP Unknown:  round(): Passing null to parameter #1 ($num) of type int|float is deprecated in E:\projects\opencart\opencart\upload\catalog\model\catalog\product.php on line 45
2022-02-20 11:51:41 - PHP Unknown:  round(): Passing null to parameter #1 ($num) of type int|float is deprecated in E:\projects\opencart\opencart\upload\catalog\model\catalog\product.php on line 45
2022-02-20 11:51:41 - PHP Unknown:  round(): Passing null to parameter #1 ($num) of type int|float is deprecated in E:\projects\opencart\opencart\upload\catalog\model\catalog\product.php on line 45
2022-02-20 11:51:41 - PHP Unknown:  round(): Passing null to parameter #1 ($num) of type int|float is deprecated in E:\projects\opencart\opencart\upload\catalog\model\catalog\product.php on line 45
2022-02-20 12:01:21 - PHP Unknown:  mysqli::real_escape_string(): Passing null to parameter #1 ($string) of type string is deprecated in E:\projects\opencart\opencart\upload\system\library\db\mysqli.php on line 53
2022-02-20 12:01:21 - PHP Unknown:  round(): Passing null to parameter #1 ($num) of type int|float is deprecated in E:\projects\opencart\opencart\upload\catalog\model\catalog\product.php on line 45
2022-02-20 12:01:22 - PHP Unknown:  round(): Passing null to parameter #1 ($num) of type int|float is deprecated in E:\projects\opencart\opencart\upload\catalog\model\catalog\product.php on line 45
2022-02-20 12:01:22 - PHP Unknown:  round(): Passing null to parameter #1 ($num) of type int|float is deprecated in E:\projects\opencart\opencart\upload\catalog\model\catalog\product.php on line 45
2022-02-20 12:01:23 - PHP Unknown:  mysqli::real_escape_string(): Passing null to parameter #1 ($string) of type string is deprecated in E:\projects\opencart\opencart\upload\system\library\db\mysqli.php on line 53
2022-02-20 12:09:40 - PHP Unknown:  mysqli::real_escape_string(): Passing null to parameter #1 ($string) of type string is deprecated in E:\projects\opencart\opencart\upload\system\library\db\mysqli.php on line 53
2022-02-20 12:09:41 - PHP Unknown:  round(): Passing null to parameter #1 ($num) of type int|float is deprecated in E:\projects\opencart\opencart\upload\catalog\model\catalog\product.php on line 45
2022-02-20 12:09:41 - PHP Unknown:  round(): Passing null to parameter #1 ($num) of type int|float is deprecated in E:\projects\opencart\opencart\upload\catalog\model\catalog\product.php on line 45
2022-02-20 12:09:41 - PHP Unknown:  round(): Passing null to parameter #1 ($num) of type int|float is deprecated in E:\projects\opencart\opencart\upload\catalog\model\catalog\product.php on line 45
2022-02-20 12:09:41 - PHP Unknown:  round(): Passing null to parameter #1 ($num) of type int|float is deprecated in E:\projects\opencart\opencart\upload\catalog\model\catalog\product.php on line 45
2022-02-20 12:33:24 - PHP Unknown:  mysqli::real_escape_string(): Passing null to parameter #1 ($string) of type string is deprecated in E:\projects\opencart\opencart\upload\system\library\db\mysqli.php on line 53
2022-02-20 12:33:25 - PHP Unknown:  mysqli::real_escape_string(): Passing null to parameter #1 ($string) of type string is deprecated in E:\projects\opencart\opencart\upload\system\library\db\mysqli.php on line 53
2022-02-20 12:34:22 - PHP Unknown:  round(): Passing null to parameter #1 ($num) of type int|float is deprecated in E:\projects\opencart\opencart\upload\admin\controller\extension\dashboard\sale.php on line 116
2022-02-20 12:34:48 - PHP Unknown:  round(): Passing null to parameter #1 ($num) of type int|float is deprecated in E:\projects\opencart\opencart\upload\admin\controller\extension\dashboard\sale.php on line 116
2022-02-20 12:46:03 - PHP Unknown:  round(): Passing null to parameter #1 ($num) of type int|float is deprecated in E:\projects\opencart\opencart\upload\admin\controller\extension\dashboard\sale.php on line 116
2022-02-20 12:48:34 - PHP Unknown:  mysqli::real_escape_string(): Passing null to parameter #1 ($string) of type string is deprecated in E:\projects\opencart\opencart\upload\system\library\db\mysqli.php on line 53
2022-02-20 12:48:34 - PHP Unknown:  Automatic conversion of false to array is deprecated in E:\projects\opencart\opencart\upload\catalog\controller\startup\startup.php on line 103
2022-02-20 12:48:35 - PHP Unknown:  round(): Passing null to parameter #1 ($num) of type int|float is deprecated in E:\projects\opencart\opencart\upload\catalog\model\catalog\product.php on line 45
2022-02-20 12:48:35 - PHP Unknown:  round(): Passing null to parameter #1 ($num) of type int|float is deprecated in E:\projects\opencart\opencart\upload\catalog\model\catalog\product.php on line 45
2022-02-20 12:48:35 - PHP Unknown:  round(): Passing null to parameter #1 ($num) of type int|float is deprecated in E:\projects\opencart\opencart\upload\catalog\model\catalog\product.php on line 45
2022-02-20 12:48:35 - PHP Unknown:  round(): Passing null to parameter #1 ($num) of type int|float is deprecated in E:\projects\opencart\opencart\upload\catalog\model\catalog\product.php on line 45
2022-02-20 12:49:18 - PHP Unknown:  mysqli::real_escape_string(): Passing null to parameter #1 ($string) of type string is deprecated in E:\projects\opencart\opencart\upload\system\library\db\mysqli.php on line 53
2022-02-20 12:49:18 - PHP Unknown:  round(): Passing null to parameter #1 ($num) of type int|float is deprecated in E:\projects\opencart\opencart\upload\catalog\model\catalog\product.php on line 45
2022-02-20 12:49:18 - PHP Unknown:  round(): Passing null to parameter #1 ($num) of type int|float is deprecated in E:\projects\opencart\opencart\upload\catalog\model\catalog\product.php on line 45
2022-02-20 12:49:18 - PHP Unknown:  round(): Passing null to parameter #1 ($num) of type int|float is deprecated in E:\projects\opencart\opencart\upload\catalog\model\catalog\product.php on line 45
2022-02-20 12:49:19 - PHP Unknown:  round(): Passing null to parameter #1 ($num) of type int|float is deprecated in E:\projects\opencart\opencart\upload\catalog\model\catalog\product.php on line 45
2022-02-20 12:49:47 - PHP Unknown:  mysqli::real_escape_string(): Passing null to parameter #1 ($string) of type string is deprecated in E:\projects\opencart\opencart\upload\system\library\db\mysqli.php on line 53
2022-02-20 12:49:47 - PHP Unknown:  round(): Passing null to parameter #1 ($num) of type int|float is deprecated in E:\projects\opencart\opencart\upload\catalog\model\catalog\product.php on line 45
2022-02-20 12:49:47 - PHP Unknown:  round(): Passing null to parameter #1 ($num) of type int|float is deprecated in E:\projects\opencart\opencart\upload\catalog\model\catalog\product.php on line 45
2022-02-20 12:49:47 - PHP Unknown:  round(): Passing null to parameter #1 ($num) of type int|float is deprecated in E:\projects\opencart\opencart\upload\catalog\model\catalog\product.php on line 45
2022-02-20 12:49:47 - PHP Unknown:  round(): Passing null to parameter #1 ($num) of type int|float is deprecated in E:\projects\opencart\opencart\upload\catalog\model\catalog\product.php on line 45
2022-02-20 12:50:27 - PHP Unknown:  mysqli::real_escape_string(): Passing null to parameter #1 ($string) of type string is deprecated in E:\projects\opencart\opencart\upload\system\library\db\mysqli.php on line 53
2022-02-20 12:50:27 - PHP Unknown:  round(): Passing null to parameter #1 ($num) of type int|float is deprecated in E:\projects\opencart\opencart\upload\catalog\model\catalog\product.php on line 45
2022-02-20 12:50:27 - PHP Unknown:  round(): Passing null to parameter #1 ($num) of type int|float is deprecated in E:\projects\opencart\opencart\upload\catalog\model\catalog\product.php on line 45
2022-02-20 12:50:27 - PHP Unknown:  round(): Passing null to parameter #1 ($num) of type int|float is deprecated in E:\projects\opencart\opencart\upload\catalog\model\catalog\product.php on line 45
2022-02-20 12:50:27 - PHP Unknown:  round(): Passing null to parameter #1 ($num) of type int|float is deprecated in E:\projects\opencart\opencart\upload\catalog\model\catalog\product.php on line 45
2022-02-20 12:54:44 - PHP Unknown:  mysqli::real_escape_string(): Passing null to parameter #1 ($string) of type string is deprecated in E:\projects\opencart\opencart\upload\system\library\db\mysqli.php on line 53
2022-02-20 12:54:44 - PHP Unknown:  round(): Passing null to parameter #1 ($num) of type int|float is deprecated in E:\projects\opencart\opencart\upload\catalog\model\catalog\product.php on line 45
2022-02-20 12:54:44 - PHP Unknown:  round(): Passing null to parameter #1 ($num) of type int|float is deprecated in E:\projects\opencart\opencart\upload\catalog\model\catalog\product.php on line 45
2022-02-20 12:54:44 - PHP Unknown:  round(): Passing null to parameter #1 ($num) of type int|float is deprecated in E:\projects\opencart\opencart\upload\catalog\model\catalog\product.php on line 45
2022-02-20 12:54:44 - PHP Unknown:  round(): Passing null to parameter #1 ($num) of type int|float is deprecated in E:\projects\opencart\opencart\upload\catalog\model\catalog\product.php on line 45
2022-02-20 12:59:46 - PHP Unknown:  mysqli::real_escape_string(): Passing null to parameter #1 ($string) of type string is deprecated in E:\projects\opencart\opencart\upload\system\library\db\mysqli.php on line 53
2022-02-20 12:59:46 - PHP Warning:  Cannot modify header information - headers already sent by (output started at E:\projects\opencart\opencart\upload\index.php:18) in E:\projects\opencart\opencart\upload\catalog\controller\startup\session.php on line 25
2022-02-20 12:59:46 - PHP Warning:  Cannot modify header information - headers already sent by (output started at E:\projects\opencart\opencart\upload\index.php:18) in E:\projects\opencart\opencart\upload\catalog\controller\startup\startup.php on line 107
2022-02-20 12:59:46 - PHP Warning:  Cannot modify header information - headers already sent by (output started at E:\projects\opencart\opencart\upload\index.php:18) in E:\projects\opencart\opencart\upload\catalog\controller\startup\startup.php on line 167
2022-02-20 12:59:46 - PHP Unknown:  round(): Passing null to parameter #1 ($num) of type int|float is deprecated in E:\projects\opencart\opencart\upload\catalog\model\catalog\product.php on line 45
2022-02-20 12:59:46 - PHP Unknown:  round(): Passing null to parameter #1 ($num) of type int|float is deprecated in E:\projects\opencart\opencart\upload\catalog\model\catalog\product.php on line 45
2022-02-20 12:59:46 - PHP Unknown:  round(): Passing null to parameter #1 ($num) of type int|float is deprecated in E:\projects\opencart\opencart\upload\catalog\model\catalog\product.php on line 45
2022-02-20 12:59:46 - PHP Unknown:  round(): Passing null to parameter #1 ($num) of type int|float is deprecated in E:\projects\opencart\opencart\upload\catalog\model\catalog\product.php on line 45
2022-02-20 13:02:02 - PHP Unknown:  mysqli::real_escape_string(): Passing null to parameter #1 ($string) of type string is deprecated in E:\projects\opencart\opencart\upload\system\library\db\mysqli.php on line 53
2022-02-20 13:02:02 - PHP Warning:  Cannot modify header information - headers already sent by (output started at E:\projects\opencart\opencart\upload\index.php:18) in E:\projects\opencart\opencart\upload\catalog\controller\startup\session.php on line 25
2022-02-20 13:02:02 - PHP Warning:  Cannot modify header information - headers already sent by (output started at E:\projects\opencart\opencart\upload\index.php:18) in E:\projects\opencart\opencart\upload\catalog\controller\startup\startup.php on line 107
2022-02-20 13:02:02 - PHP Warning:  Cannot modify header information - headers already sent by (output started at E:\projects\opencart\opencart\upload\index.php:18) in E:\projects\opencart\opencart\upload\catalog\controller\startup\startup.php on line 167
2022-02-20 13:02:02 - PHP Unknown:  round(): Passing null to parameter #1 ($num) of type int|float is deprecated in E:\projects\opencart\opencart\upload\catalog\model\catalog\product.php on line 45
2022-02-20 13:02:02 - PHP Unknown:  round(): Passing null to parameter #1 ($num) of type int|float is deprecated in E:\projects\opencart\opencart\upload\catalog\model\catalog\product.php on line 45
2022-02-20 13:02:02 - PHP Unknown:  round(): Passing null to parameter #1 ($num) of type int|float is deprecated in E:\projects\opencart\opencart\upload\catalog\model\catalog\product.php on line 45
2022-02-20 13:02:02 - PHP Unknown:  round(): Passing null to parameter #1 ($num) of type int|float is deprecated in E:\projects\opencart\opencart\upload\catalog\model\catalog\product.php on line 45
2022-02-20 13:02:17 - PHP Unknown:  mysqli::real_escape_string(): Passing null to parameter #1 ($string) of type string is deprecated in E:\projects\opencart\opencart\upload\system\library\db\mysqli.php on line 53
2022-02-20 13:02:17 - PHP Warning:  Cannot modify header information - headers already sent by (output started at E:\projects\opencart\opencart\upload\index.php:18) in E:\projects\opencart\opencart\upload\catalog\controller\startup\session.php on line 25
2022-02-20 13:02:17 - PHP Warning:  Cannot modify header information - headers already sent by (output started at E:\projects\opencart\opencart\upload\index.php:18) in E:\projects\opencart\opencart\upload\catalog\controller\startup\startup.php on line 107
2022-02-20 13:02:17 - PHP Warning:  Cannot modify header information - headers already sent by (output started at E:\projects\opencart\opencart\upload\index.php:18) in E:\projects\opencart\opencart\upload\catalog\controller\startup\startup.php on line 167
2022-02-20 13:02:17 - PHP Unknown:  round(): Passing null to parameter #1 ($num) of type int|float is deprecated in E:\projects\opencart\opencart\upload\catalog\model\catalog\product.php on line 45
2022-02-20 13:02:17 - PHP Unknown:  round(): Passing null to parameter #1 ($num) of type int|float is deprecated in E:\projects\opencart\opencart\upload\catalog\model\catalog\product.php on line 45
2022-02-20 13:02:17 - PHP Unknown:  round(): Passing null to parameter #1 ($num) of type int|float is deprecated in E:\projects\opencart\opencart\upload\catalog\model\catalog\product.php on line 45
2022-02-20 13:02:17 - PHP Unknown:  round(): Passing null to parameter #1 ($num) of type int|float is deprecated in E:\projects\opencart\opencart\upload\catalog\model\catalog\product.php on line 45
2022-02-20 13:02:27 - PHP Unknown:  mysqli::real_escape_string(): Passing null to parameter #1 ($string) of type string is deprecated in E:\projects\opencart\opencart\upload\system\library\db\mysqli.php on line 53
2022-02-20 13:02:27 - PHP Warning:  Cannot modify header information - headers already sent by (output started at E:\projects\opencart\opencart\upload\index.php:18) in E:\projects\opencart\opencart\upload\catalog\controller\startup\session.php on line 25
2022-02-20 13:02:27 - PHP Warning:  Cannot modify header information - headers already sent by (output started at E:\projects\opencart\opencart\upload\index.php:18) in E:\projects\opencart\opencart\upload\catalog\controller\startup\startup.php on line 107
2022-02-20 13:02:27 - PHP Warning:  Cannot modify header information - headers already sent by (output started at E:\projects\opencart\opencart\upload\index.php:18) in E:\projects\opencart\opencart\upload\catalog\controller\startup\startup.php on line 167
2022-02-20 13:02:27 - PHP Unknown:  round(): Passing null to parameter #1 ($num) of type int|float is deprecated in E:\projects\opencart\opencart\upload\catalog\model\catalog\product.php on line 45
2022-02-20 13:02:27 - PHP Unknown:  round(): Passing null to parameter #1 ($num) of type int|float is deprecated in E:\projects\opencart\opencart\upload\catalog\model\catalog\product.php on line 45
2022-02-20 13:02:27 - PHP Unknown:  round(): Passing null to parameter #1 ($num) of type int|float is deprecated in E:\projects\opencart\opencart\upload\catalog\model\catalog\product.php on line 45
2022-02-20 13:02:27 - PHP Unknown:  round(): Passing null to parameter #1 ($num) of type int|float is deprecated in E:\projects\opencart\opencart\upload\catalog\model\catalog\product.php on line 45
2022-02-20 13:02:44 - PHP Unknown:  mysqli::real_escape_string(): Passing null to parameter #1 ($string) of type string is deprecated in E:\projects\opencart\opencart\upload\system\library\db\mysqli.php on line 53
2022-02-20 13:02:44 - PHP Warning:  Cannot modify header information - headers already sent by (output started at E:\projects\opencart\opencart\upload\index.php:18) in E:\projects\opencart\opencart\upload\catalog\controller\startup\session.php on line 25
2022-02-20 13:02:44 - PHP Warning:  Cannot modify header information - headers already sent by (output started at E:\projects\opencart\opencart\upload\index.php:18) in E:\projects\opencart\opencart\upload\catalog\controller\startup\startup.php on line 107
2022-02-20 13:02:44 - PHP Warning:  Cannot modify header information - headers already sent by (output started at E:\projects\opencart\opencart\upload\index.php:18) in E:\projects\opencart\opencart\upload\catalog\controller\startup\startup.php on line 167
2022-02-20 13:02:45 - PHP Unknown:  round(): Passing null to parameter #1 ($num) of type int|float is deprecated in E:\projects\opencart\opencart\upload\catalog\model\catalog\product.php on line 45
2022-02-20 13:02:45 - PHP Unknown:  round(): Passing null to parameter #1 ($num) of type int|float is deprecated in E:\projects\opencart\opencart\upload\catalog\model\catalog\product.php on line 45
2022-02-20 13:02:45 - PHP Unknown:  round(): Passing null to parameter #1 ($num) of type int|float is deprecated in E:\projects\opencart\opencart\upload\catalog\model\catalog\product.php on line 45
2022-02-20 13:02:45 - PHP Unknown:  round(): Passing null to parameter #1 ($num) of type int|float is deprecated in E:\projects\opencart\opencart\upload\catalog\model\catalog\product.php on line 45
2022-02-20 13:03:46 - PHP Unknown:  mysqli::real_escape_string(): Passing null to parameter #1 ($string) of type string is deprecated in E:\projects\opencart\opencart\upload\system\library\db\mysqli.php on line 53
2022-02-20 13:03:46 - PHP Warning:  Cannot modify header information - headers already sent by (output started at E:\projects\opencart\opencart\upload\index.php:18) in E:\projects\opencart\opencart\upload\catalog\controller\startup\session.php on line 25
2022-02-20 13:03:46 - PHP Warning:  Cannot modify header information - headers already sent by (output started at E:\projects\opencart\opencart\upload\index.php:18) in E:\projects\opencart\opencart\upload\catalog\controller\startup\startup.php on line 107
2022-02-20 13:03:46 - PHP Warning:  Cannot modify header information - headers already sent by (output started at E:\projects\opencart\opencart\upload\index.php:18) in E:\projects\opencart\opencart\upload\catalog\controller\startup\startup.php on line 167
2022-02-20 13:03:47 - PHP Unknown:  round(): Passing null to parameter #1 ($num) of type int|float is deprecated in E:\projects\opencart\opencart\upload\catalog\model\catalog\product.php on line 45
2022-02-20 13:03:47 - PHP Unknown:  round(): Passing null to parameter #1 ($num) of type int|float is deprecated in E:\projects\opencart\opencart\upload\catalog\model\catalog\product.php on line 45
2022-02-20 13:03:47 - PHP Unknown:  round(): Passing null to parameter #1 ($num) of type int|float is deprecated in E:\projects\opencart\opencart\upload\catalog\model\catalog\product.php on line 45
2022-02-20 13:03:47 - PHP Unknown:  round(): Passing null to parameter #1 ($num) of type int|float is deprecated in E:\projects\opencart\opencart\upload\catalog\model\catalog\product.php on line 45
2022-02-20 13:05:24 - PHP Unknown:  mysqli::real_escape_string(): Passing null to parameter #1 ($string) of type string is deprecated in E:\projects\opencart\opencart\upload\system\library\db\mysqli.php on line 53
2022-02-20 13:05:24 - PHP Warning:  Cannot modify header information - headers already sent by (output started at E:\projects\opencart\opencart\upload\index.php:18) in E:\projects\opencart\opencart\upload\catalog\controller\startup\session.php on line 25
2022-02-20 13:05:24 - PHP Warning:  Cannot modify header information - headers already sent by (output started at E:\projects\opencart\opencart\upload\index.php:18) in E:\projects\opencart\opencart\upload\catalog\controller\startup\startup.php on line 107
2022-02-20 13:05:24 - PHP Warning:  Cannot modify header information - headers already sent by (output started at E:\projects\opencart\opencart\upload\index.php:18) in E:\projects\opencart\opencart\upload\catalog\controller\startup\startup.php on line 167
2022-02-20 13:05:24 - PHP Unknown:  round(): Passing null to parameter #1 ($num) of type int|float is deprecated in E:\projects\opencart\opencart\upload\catalog\model\catalog\product.php on line 45
2022-02-20 13:05:24 - PHP Unknown:  round(): Passing null to parameter #1 ($num) of type int|float is deprecated in E:\projects\opencart\opencart\upload\catalog\model\catalog\product.php on line 45
2022-02-20 13:05:24 - PHP Unknown:  round(): Passing null to parameter #1 ($num) of type int|float is deprecated in E:\projects\opencart\opencart\upload\catalog\model\catalog\product.php on line 45
2022-02-20 13:05:24 - PHP Unknown:  round(): Passing null to parameter #1 ($num) of type int|float is deprecated in E:\projects\opencart\opencart\upload\catalog\model\catalog\product.php on line 45
2022-02-20 13:05:51 - PHP Unknown:  mysqli::real_escape_string(): Passing null to parameter #1 ($string) of type string is deprecated in E:\projects\opencart\opencart\upload\system\library\db\mysqli.php on line 53
2022-02-20 13:05:51 - PHP Warning:  Cannot modify header information - headers already sent by (output started at E:\projects\opencart\opencart\upload\index.php:18) in E:\projects\opencart\opencart\upload\catalog\controller\startup\session.php on line 25
2022-02-20 13:05:51 - PHP Warning:  Cannot modify header information - headers already sent by (output started at E:\projects\opencart\opencart\upload\index.php:18) in E:\projects\opencart\opencart\upload\catalog\controller\startup\startup.php on line 107
2022-02-20 13:05:51 - PHP Warning:  Cannot modify header information - headers already sent by (output started at E:\projects\opencart\opencart\upload\index.php:18) in E:\projects\opencart\opencart\upload\catalog\controller\startup\startup.php on line 167
2022-02-20 13:05:51 - PHP Unknown:  round(): Passing null to parameter #1 ($num) of type int|float is deprecated in E:\projects\opencart\opencart\upload\catalog\model\catalog\product.php on line 45
2022-02-20 13:05:51 - PHP Unknown:  round(): Passing null to parameter #1 ($num) of type int|float is deprecated in E:\projects\opencart\opencart\upload\catalog\model\catalog\product.php on line 45
2022-02-20 13:05:51 - PHP Unknown:  round(): Passing null to parameter #1 ($num) of type int|float is deprecated in E:\projects\opencart\opencart\upload\catalog\model\catalog\product.php on line 45
2022-02-20 13:05:51 - PHP Unknown:  round(): Passing null to parameter #1 ($num) of type int|float is deprecated in E:\projects\opencart\opencart\upload\catalog\model\catalog\product.php on line 45
2022-02-20 13:05:52 - PHP Unknown:  mysqli::real_escape_string(): Passing null to parameter #1 ($string) of type string is deprecated in E:\projects\opencart\opencart\upload\system\library\db\mysqli.php on line 53
2022-02-20 13:05:52 - PHP Warning:  Cannot modify header information - headers already sent by (output started at E:\projects\opencart\opencart\upload\index.php:18) in E:\projects\opencart\opencart\upload\catalog\controller\startup\session.php on line 25
2022-02-20 13:05:52 - PHP Warning:  Cannot modify header information - headers already sent by (output started at E:\projects\opencart\opencart\upload\index.php:18) in E:\projects\opencart\opencart\upload\catalog\controller\startup\startup.php on line 107
2022-02-20 13:05:52 - PHP Warning:  Cannot modify header information - headers already sent by (output started at E:\projects\opencart\opencart\upload\index.php:18) in E:\projects\opencart\opencart\upload\catalog\controller\startup\startup.php on line 167
2022-02-20 13:05:52 - PHP Unknown:  round(): Passing null to parameter #1 ($num) of type int|float is deprecated in E:\projects\opencart\opencart\upload\catalog\model\catalog\product.php on line 45
2022-02-20 13:05:52 - PHP Unknown:  round(): Passing null to parameter #1 ($num) of type int|float is deprecated in E:\projects\opencart\opencart\upload\catalog\model\catalog\product.php on line 45
2022-02-20 13:05:52 - PHP Unknown:  round(): Passing null to parameter #1 ($num) of type int|float is deprecated in E:\projects\opencart\opencart\upload\catalog\model\catalog\product.php on line 45
2022-02-20 13:05:52 - PHP Unknown:  round(): Passing null to parameter #1 ($num) of type int|float is deprecated in E:\projects\opencart\opencart\upload\catalog\model\catalog\product.php on line 45
2022-02-20 15:26:38 - PHP Unknown:  mysqli::real_escape_string(): Passing null to parameter #1 ($string) of type string is deprecated in E:\projects\opencart\opencart\upload\system\library\db\mysqli.php on line 53
2022-02-20 15:26:38 - PHP Warning:  Cannot modify header information - headers already sent by (output started at E:\projects\opencart\opencart\upload\index.php:18) in E:\projects\opencart\opencart\upload\catalog\controller\startup\session.php on line 25
2022-02-20 15:26:38 - PHP Unknown:  Automatic conversion of false to array is deprecated in E:\projects\opencart\opencart\upload\catalog\controller\startup\startup.php on line 103
2022-02-20 15:26:38 - PHP Warning:  Cannot modify header information - headers already sent by (output started at E:\projects\opencart\opencart\upload\index.php:18) in E:\projects\opencart\opencart\upload\catalog\controller\startup\startup.php on line 107
2022-02-20 15:26:38 - PHP Warning:  Cannot modify header information - headers already sent by (output started at E:\projects\opencart\opencart\upload\index.php:18) in E:\projects\opencart\opencart\upload\catalog\controller\startup\startup.php on line 167
2022-02-20 15:26:39 - PHP Unknown:  round(): Passing null to parameter #1 ($num) of type int|float is deprecated in E:\projects\opencart\opencart\upload\catalog\model\catalog\product.php on line 45
2022-02-20 15:26:39 - PHP Unknown:  round(): Passing null to parameter #1 ($num) of type int|float is deprecated in E:\projects\opencart\opencart\upload\catalog\model\catalog\product.php on line 45
2022-02-20 15:26:39 - PHP Unknown:  round(): Passing null to parameter #1 ($num) of type int|float is deprecated in E:\projects\opencart\opencart\upload\catalog\model\catalog\product.php on line 45
2022-02-20 15:26:39 - PHP Unknown:  round(): Passing null to parameter #1 ($num) of type int|float is deprecated in E:\projects\opencart\opencart\upload\catalog\model\catalog\product.php on line 45
2022-02-20 15:42:22 - PHP Unknown:  mysqli::real_escape_string(): Passing null to parameter #1 ($string) of type string is deprecated in E:\projects\opencart\opencart\upload\system\library\db\mysqli.php on line 53
2022-02-20 15:42:22 - PHP Warning:  Cannot modify header information - headers already sent by (output started at E:\projects\opencart\opencart\upload\index.php:18) in E:\projects\opencart\opencart\upload\catalog\controller\startup\session.php on line 25
2022-02-20 15:42:23 - PHP Warning:  Cannot modify header information - headers already sent by (output started at E:\projects\opencart\opencart\upload\index.php:18) in E:\projects\opencart\opencart\upload\catalog\controller\startup\startup.php on line 107
2022-02-20 15:42:23 - PHP Warning:  Cannot modify header information - headers already sent by (output started at E:\projects\opencart\opencart\upload\index.php:18) in E:\projects\opencart\opencart\upload\catalog\controller\startup\startup.php on line 167
2022-02-20 15:42:23 - PHP Unknown:  round(): Passing null to parameter #1 ($num) of type int|float is deprecated in E:\projects\opencart\opencart\upload\catalog\model\catalog\product.php on line 45
2022-02-20 15:42:23 - PHP Unknown:  round(): Passing null to parameter #1 ($num) of type int|float is deprecated in E:\projects\opencart\opencart\upload\catalog\model\catalog\product.php on line 45
2022-02-20 15:42:23 - PHP Unknown:  round(): Passing null to parameter #1 ($num) of type int|float is deprecated in E:\projects\opencart\opencart\upload\catalog\model\catalog\product.php on line 45
2022-02-20 15:42:23 - PHP Unknown:  round(): Passing null to parameter #1 ($num) of type int|float is deprecated in E:\projects\opencart\opencart\upload\catalog\model\catalog\product.php on line 45
2022-02-20 15:48:53 - PHP Unknown:  mysqli::real_escape_string(): Passing null to parameter #1 ($string) of type string is deprecated in E:\projects\opencart\opencart\upload\system\library\db\mysqli.php on line 53
2022-02-20 15:51:41 - PHP Warning:  Cannot modify header information - headers already sent by (output started at E:\projects\opencart\opencart\upload\system\framework.php:42) in E:\projects\opencart\opencart\upload\catalog\controller\startup\session.php on line 25
2022-02-20 15:51:41 - PHP Warning:  Cannot modify header information - headers already sent by (output started at E:\projects\opencart\opencart\upload\system\framework.php:42) in E:\projects\opencart\opencart\upload\catalog\controller\startup\startup.php on line 107
2022-02-20 15:51:41 - PHP Warning:  Cannot modify header information - headers already sent by (output started at E:\projects\opencart\opencart\upload\system\framework.php:42) in E:\projects\opencart\opencart\upload\catalog\controller\startup\startup.php on line 167
2022-02-20 16:16:55 - PHP Unknown:  round(): Passing null to parameter #1 ($num) of type int|float is deprecated in E:\projects\opencart\opencart\upload\catalog\model\catalog\product.php on line 45
2022-02-20 16:16:55 - PHP Unknown:  round(): Passing null to parameter #1 ($num) of type int|float is deprecated in E:\projects\opencart\opencart\upload\catalog\model\catalog\product.php on line 45
2022-02-20 16:16:55 - PHP Unknown:  round(): Passing null to parameter #1 ($num) of type int|float is deprecated in E:\projects\opencart\opencart\upload\catalog\model\catalog\product.php on line 45
2022-02-20 16:16:55 - PHP Unknown:  round(): Passing null to parameter #1 ($num) of type int|float is deprecated in E:\projects\opencart\opencart\upload\catalog\model\catalog\product.php on line 45
2022-02-20 16:28:52 - PHP Unknown:  mysqli::real_escape_string(): Passing null to parameter #1 ($string) of type string is deprecated in E:\projects\opencart\opencart\upload\system\library\db\mysqli.php on line 53
2022-02-20 16:28:52 - PHP Warning:  Cannot modify header information - headers already sent by (output started at E:\projects\opencart\opencart\upload\system\framework.php:42) in E:\projects\opencart\opencart\upload\catalog\controller\startup\session.php on line 25
2022-02-20 16:28:52 - PHP Warning:  Cannot modify header information - headers already sent by (output started at E:\projects\opencart\opencart\upload\system\framework.php:42) in E:\projects\opencart\opencart\upload\catalog\controller\startup\startup.php on line 107
2022-02-20 16:28:52 - PHP Warning:  Cannot modify header information - headers already sent by (output started at E:\projects\opencart\opencart\upload\system\framework.php:42) in E:\projects\opencart\opencart\upload\catalog\controller\startup\startup.php on line 167
2022-02-20 16:28:52 - PHP Unknown:  round(): Passing null to parameter #1 ($num) of type int|float is deprecated in E:\projects\opencart\opencart\upload\catalog\model\catalog\product.php on line 45
2022-02-20 16:28:52 - PHP Unknown:  round(): Passing null to parameter #1 ($num) of type int|float is deprecated in E:\projects\opencart\opencart\upload\catalog\model\catalog\product.php on line 45
2022-02-20 16:28:52 - PHP Unknown:  round(): Passing null to parameter #1 ($num) of type int|float is deprecated in E:\projects\opencart\opencart\upload\catalog\model\catalog\product.php on line 45
2022-02-20 16:28:52 - PHP Unknown:  round(): Passing null to parameter #1 ($num) of type int|float is deprecated in E:\projects\opencart\opencart\upload\catalog\model\catalog\product.php on line 45
2022-02-26 7:41:00 - PHP Unknown:  mysqli::real_escape_string(): Passing null to parameter #1 ($string) of type string is deprecated in E:\projects\opencart\opencart\upload\system\library\db\mysqli.php on line 53
2022-02-26 7:41:00 - PHP Warning:  Cannot modify header information - headers already sent by (output started at E:\projects\opencart\opencart\upload\system\framework.php:42) in E:\projects\opencart\opencart\upload\catalog\controller\startup\session.php on line 25
2022-02-26 7:41:00 - PHP Unknown:  Automatic conversion of false to array is deprecated in E:\projects\opencart\opencart\upload\catalog\controller\startup\startup.php on line 103
2022-02-26 7:41:00 - PHP Warning:  Cannot modify header information - headers already sent by (output started at E:\projects\opencart\opencart\upload\system\framework.php:42) in E:\projects\opencart\opencart\upload\catalog\controller\startup\startup.php on line 107
2022-02-26 7:41:00 - PHP Warning:  Cannot modify header information - headers already sent by (output started at E:\projects\opencart\opencart\upload\system\framework.php:42) in E:\projects\opencart\opencart\upload\catalog\controller\startup\startup.php on line 167
2022-02-26 7:41:01 - PHP Unknown:  round(): Passing null to parameter #1 ($num) of type int|float is deprecated in E:\projects\opencart\opencart\upload\catalog\model\catalog\product.php on line 45
2022-02-26 7:41:01 - PHP Unknown:  round(): Passing null to parameter #1 ($num) of type int|float is deprecated in E:\projects\opencart\opencart\upload\catalog\model\catalog\product.php on line 45
2022-02-26 7:41:01 - PHP Unknown:  round(): Passing null to parameter #1 ($num) of type int|float is deprecated in E:\projects\opencart\opencart\upload\catalog\model\catalog\product.php on line 45
2022-02-26 7:41:01 - PHP Unknown:  round(): Passing null to parameter #1 ($num) of type int|float is deprecated in E:\projects\opencart\opencart\upload\catalog\model\catalog\product.php on line 45
2022-02-26 7:58:54 - PHP Unknown:  round(): Passing null to parameter #1 ($num) of type int|float is deprecated in E:\projects\opencart\opencart\upload\admin\controller\extension\dashboard\sale.php on line 116
2022-02-26 17:23:26 - PHP Unknown:  mysqli::real_escape_string(): Passing null to parameter #1 ($string) of type string is deprecated in E:\projects\opencart\opencart\upload\system\library\db\mysqli.php on line 53
2022-02-26 17:23:27 - PHP Warning:  Cannot modify header information - headers already sent by (output started at E:\projects\opencart\opencart\upload\system\framework.php:42) in E:\projects\opencart\opencart\upload\catalog\controller\startup\session.php on line 25
2022-02-26 17:23:27 - PHP Unknown:  Automatic conversion of false to array is deprecated in E:\projects\opencart\opencart\upload\catalog\controller\startup\startup.php on line 103
2022-02-26 17:23:27 - PHP Warning:  Cannot modify header information - headers already sent by (output started at E:\projects\opencart\opencart\upload\system\framework.php:42) in E:\projects\opencart\opencart\upload\catalog\controller\startup\startup.php on line 107
2022-02-26 17:23:27 - PHP Warning:  Cannot modify header information - headers already sent by (output started at E:\projects\opencart\opencart\upload\system\framework.php:42) in E:\projects\opencart\opencart\upload\catalog\controller\startup\startup.php on line 167
2022-02-26 17:23:27 - PHP Unknown:  round(): Passing null to parameter #1 ($num) of type int|float is deprecated in E:\projects\opencart\opencart\upload\catalog\model\catalog\product.php on line 45
2022-02-26 17:23:27 - PHP Unknown:  round(): Passing null to parameter #1 ($num) of type int|float is deprecated in E:\projects\opencart\opencart\upload\catalog\model\catalog\product.php on line 45
2022-02-26 17:23:27 - PHP Unknown:  round(): Passing null to parameter #1 ($num) of type int|float is deprecated in E:\projects\opencart\opencart\upload\catalog\model\catalog\product.php on line 45
2022-02-26 17:23:27 - PHP Unknown:  round(): Passing null to parameter #1 ($num) of type int|float is deprecated in E:\projects\opencart\opencart\upload\catalog\model\catalog\product.php on line 45
2022-02-26 17:24:31 - PHP Unknown:  mysqli::real_escape_string(): Passing null to parameter #1 ($string) of type string is deprecated in E:\projects\opencart\opencart\upload\system\library\db\mysqli.php on line 53
2022-02-26 17:24:31 - PHP Warning:  Cannot modify header information - headers already sent by (output started at E:\projects\opencart\opencart\upload\system\framework.php:42) in E:\projects\opencart\opencart\upload\catalog\controller\startup\session.php on line 25
2022-02-26 17:24:31 - PHP Warning:  Cannot modify header information - headers already sent by (output started at E:\projects\opencart\opencart\upload\system\framework.php:42) in E:\projects\opencart\opencart\upload\catalog\controller\startup\startup.php on line 107
2022-02-26 17:24:31 - PHP Warning:  Cannot modify header information - headers already sent by (output started at E:\projects\opencart\opencart\upload\system\framework.php:42) in E:\projects\opencart\opencart\upload\catalog\controller\startup\startup.php on line 167
2022-02-26 17:24:31 - PHP Unknown:  round(): Passing null to parameter #1 ($num) of type int|float is deprecated in E:\projects\opencart\opencart\upload\catalog\model\catalog\product.php on line 45
2022-02-26 17:24:34 - PHP Unknown:  mysqli::real_escape_string(): Passing null to parameter #1 ($string) of type string is deprecated in E:\projects\opencart\opencart\upload\system\library\db\mysqli.php on line 53
2022-02-26 17:24:34 - PHP Warning:  Cannot modify header information - headers already sent by (output started at E:\projects\opencart\opencart\upload\system\framework.php:42) in E:\projects\opencart\opencart\upload\catalog\controller\startup\session.php on line 25
2022-02-26 17:24:34 - PHP Warning:  Cannot modify header information - headers already sent by (output started at E:\projects\opencart\opencart\upload\system\framework.php:42) in E:\projects\opencart\opencart\upload\catalog\controller\startup\startup.php on line 107
2022-02-26 17:24:34 - PHP Warning:  Cannot modify header information - headers already sent by (output started at E:\projects\opencart\opencart\upload\system\framework.php:42) in E:\projects\opencart\opencart\upload\catalog\controller\startup\startup.php on line 167
2022-02-26 17:25:25 - PHP Unknown:  round(): Passing null to parameter #1 ($num) of type int|float is deprecated in E:\projects\opencart\opencart\upload\admin\controller\extension\dashboard\sale.php on line 116
2022-02-26 17:40:17 - PHP Unknown:  round(): Passing null to parameter #1 ($num) of type int|float is deprecated in E:\projects\opencart\opencart\upload\admin\controller\extension\dashboard\sale.php on line 116
2022-02-26 17:40:31 - PHP Unknown:  round(): Passing null to parameter #1 ($num) of type int|float is deprecated in E:\projects\opencart\opencart\upload\admin\controller\extension\dashboard\sale.php on line 116
2022-02-27 8:53:19 - PHP Unknown:  mysqli::real_escape_string(): Passing null to parameter #1 ($string) of type string is deprecated in E:\projects\opencart\opencart\upload\system\library\db\mysqli.php on line 53
2022-02-27 8:53:19 - PHP Warning:  Cannot modify header information - headers already sent by (output started at E:\projects\opencart\opencart\upload\system\framework.php:42) in E:\projects\opencart\opencart\upload\catalog\controller\startup\session.php on line 25
2022-02-27 8:53:19 - PHP Unknown:  Automatic conversion of false to array is deprecated in E:\projects\opencart\opencart\upload\catalog\controller\startup\startup.php on line 103
2022-02-27 8:53:19 - PHP Warning:  Cannot modify header information - headers already sent by (output started at E:\projects\opencart\opencart\upload\system\framework.php:42) in E:\projects\opencart\opencart\upload\catalog\controller\startup\startup.php on line 107
2022-02-27 8:53:19 - PHP Warning:  Cannot modify header information - headers already sent by (output started at E:\projects\opencart\opencart\upload\system\framework.php:42) in E:\projects\opencart\opencart\upload\catalog\controller\startup\startup.php on line 167
2022-02-27 8:53:20 - PHP Unknown:  round(): Passing null to parameter #1 ($num) of type int|float is deprecated in E:\projects\opencart\opencart\upload\catalog\model\catalog\product.php on line 45
2022-02-27 8:53:20 - PHP Unknown:  round(): Passing null to parameter #1 ($num) of type int|float is deprecated in E:\projects\opencart\opencart\upload\catalog\model\catalog\product.php on line 45
2022-02-27 8:53:20 - PHP Unknown:  round(): Passing null to parameter #1 ($num) of type int|float is deprecated in E:\projects\opencart\opencart\upload\catalog\model\catalog\product.php on line 45
2022-02-27 8:53:20 - PHP Unknown:  round(): Passing null to parameter #1 ($num) of type int|float is deprecated in E:\projects\opencart\opencart\upload\catalog\model\catalog\product.php on line 45
2022-02-27 9:49:55 - PHP Unknown:  Automatic conversion of false to array is deprecated in E:\projects\opencart\opencart\upload\system\library\cart\user.php on line 43
2022-02-27 9:49:55 - PHP Warning:  Cannot modify header information - headers already sent by (output started at E:\projects\opencart\opencart\upload\admin\controller\startup\error.php:34) in E:\projects\opencart\opencart\upload\system\library\response.php on line 36
2022-02-27 10:41:07 - PHP Warning:  Undefined array key "filter_attribute_group_id" in E:\projects\opencart\opencart\upload\admin\controller\catalog\attribute.php on line 415
2022-02-27 10:41:27 - PHP Warning:  Undefined array key "filter_attribute_group_id" in E:\projects\opencart\opencart\upload\admin\controller\catalog\attribute.php on line 415
2022-02-27 10:41:30 - PHP Warning:  Undefined array key "filter_attribute_group_id" in E:\projects\opencart\opencart\upload\admin\controller\catalog\attribute.php on line 415
2022-02-27 10:41:31 - PHP Warning:  Undefined array key "filter_attribute_group_id" in E:\projects\opencart\opencart\upload\admin\controller\catalog\attribute.php on line 415
2022-02-27 10:41:31 - PHP Warning:  Undefined array key "filter_attribute_group_id" in E:\projects\opencart\opencart\upload\admin\controller\catalog\attribute.php on line 415
2022-02-27 10:41:40 - PHP Warning:  Undefined array key "filter_attribute_group_id" in E:\projects\opencart\opencart\upload\admin\controller\catalog\attribute.php on line 415
2022-02-27 10:42:17 - PHP Warning:  Undefined array key "filter_attribute_group_id" in E:\projects\opencart\opencart\upload\admin\controller\catalog\attribute.php on line 415
2022-02-27 10:42:21 - PHP Warning:  Undefined array key "filter_attribute_group_id" in E:\projects\opencart\opencart\upload\admin\controller\catalog\attribute.php on line 415
2022-02-27 10:42:21 - PHP Warning:  Undefined array key "filter_attribute_group_id" in E:\projects\opencart\opencart\upload\admin\controller\catalog\attribute.php on line 415
2022-02-27 10:42:48 - PHP Warning:  Undefined array key "filter_attribute_group_id" in E:\projects\opencart\opencart\upload\admin\controller\catalog\attribute.php on line 415
2022-02-27 10:42:50 - PHP Warning:  Undefined array key "filter_attribute_group_id" in E:\projects\opencart\opencart\upload\admin\controller\catalog\attribute.php on line 415
2022-02-27 10:42:51 - PHP Warning:  Undefined array key "filter_attribute_group_id" in E:\projects\opencart\opencart\upload\admin\controller\catalog\attribute.php on line 415
2022-02-27 10:43:16 - PHP Warning:  Undefined array key "filter_attribute_group_id" in E:\projects\opencart\opencart\upload\admin\controller\catalog\attribute.php on line 415
2022-02-27 10:44:51 - PHP Warning:  Undefined array key "filter_attribute_group_id" in E:\projects\opencart\opencart\upload\admin\controller\catalog\attribute.php on line 415
2022-02-27 10:45:30 - PHP Warning:  Undefined array key "filter_attribute_group_id" in E:\projects\opencart\opencart\upload\admin\controller\catalog\attribute.php on line 415
2022-02-27 10:45:32 - PHP Warning:  Undefined array key "filter_attribute_group_id" in E:\projects\opencart\opencart\upload\admin\controller\catalog\attribute.php on line 415
2022-02-27 10:45:33 - PHP Warning:  Undefined array key "filter_attribute_group_id" in E:\projects\opencart\opencart\upload\admin\controller\catalog\attribute.php on line 415
2022-02-27 10:45:34 - PHP Warning:  Undefined array key "filter_attribute_group_id" in E:\projects\opencart\opencart\upload\admin\controller\catalog\attribute.php on line 415
2022-02-27 10:45:34 - PHP Warning:  Undefined array key "filter_attribute_group_id" in E:\projects\opencart\opencart\upload\admin\controller\catalog\attribute.php on line 415
2022-02-27 10:45:35 - PHP Warning:  Undefined array key "filter_attribute_group_id" in E:\projects\opencart\opencart\upload\admin\controller\catalog\attribute.php on line 415
2022-02-27 10:45:35 - PHP Warning:  Undefined array key "filter_attribute_group_id" in E:\projects\opencart\opencart\upload\admin\controller\catalog\attribute.php on line 415
2022-02-27 10:45:36 - PHP Warning:  Undefined array key "filter_attribute_group_id" in E:\projects\opencart\opencart\upload\admin\controller\catalog\attribute.php on line 415
2022-02-27 10:45:36 - PHP Warning:  Undefined array key "filter_attribute_group_id" in E:\projects\opencart\opencart\upload\admin\controller\catalog\attribute.php on line 415
2022-02-27 10:45:37 - PHP Warning:  Undefined array key "filter_attribute_group_id" in E:\projects\opencart\opencart\upload\admin\controller\catalog\attribute.php on line 415
2022-02-27 10:45:37 - PHP Warning:  Undefined array key "filter_attribute_group_id" in E:\projects\opencart\opencart\upload\admin\controller\catalog\attribute.php on line 415
2022-02-27 10:45:38 - PHP Warning:  Undefined array key "filter_attribute_group_id" in E:\projects\opencart\opencart\upload\admin\controller\catalog\attribute.php on line 415
2022-02-27 10:45:38 - PHP Warning:  Undefined array key "filter_attribute_group_id" in E:\projects\opencart\opencart\upload\admin\controller\catalog\attribute.php on line 415
2022-02-27 10:45:39 - PHP Warning:  Undefined array key "filter_attribute_group_id" in E:\projects\opencart\opencart\upload\admin\controller\catalog\attribute.php on line 415
2022-02-27 10:52:54 - PHP Warning:  Undefined array key "filter_attribute_group_id" in E:\projects\opencart\opencart\upload\admin\controller\catalog\attribute.php on line 415
2022-02-27 10:57:35 - PHP Warning:  Undefined array key "filter_attribute_group_id" in E:\projects\opencart\opencart\upload\admin\controller\catalog\attribute.php on line 415
2022-02-27 10:57:36 - PHP Warning:  Undefined array key "filter_attribute_group_id" in E:\projects\opencart\opencart\upload\admin\controller\catalog\attribute.php on line 415
2022-02-27 10:57:36 - PHP Warning:  Undefined array key "filter_attribute_group_id" in E:\projects\opencart\opencart\upload\admin\controller\catalog\attribute.php on line 415
2022-02-27 10:57:38 - PHP Warning:  Undefined array key "filter_attribute_group_id" in E:\projects\opencart\opencart\upload\admin\controller\catalog\attribute.php on line 415
2022-02-27 11:27:06 - PHP Warning:  Undefined array key "filter_attribute_group_id" in E:\projects\opencart\opencart\upload\admin\controller\catalog\attribute.php on line 415
2022-02-27 11:31:17 - PHP Warning:  Undefined array key "filter_attribute_group_id" in E:\projects\opencart\opencart\upload\admin\controller\catalog\attribute.php on line 415
2022-02-27 11:31:49 - PHP Warning:  Undefined array key "filter_attribute_group_id" in E:\projects\opencart\opencart\upload\admin\controller\catalog\attribute.php on line 415
2022-02-27 11:31:50 - PHP Warning:  Undefined array key "filter_attribute_group_id" in E:\projects\opencart\opencart\upload\admin\controller\catalog\attribute.php on line 415
2022-02-27 11:33:02 - PHP Warning:  Undefined array key "filter_attribute_group_id" in E:\projects\opencart\opencart\upload\admin\controller\catalog\attribute.php on line 415
2022-02-27 11:33:03 - PHP Warning:  Undefined array key "filter_attribute_group_id" in E:\projects\opencart\opencart\upload\admin\controller\catalog\attribute.php on line 415
2022-02-27 11:33:03 - PHP Warning:  Undefined array key "filter_attribute_group_id" in E:\projects\opencart\opencart\upload\admin\controller\catalog\attribute.php on line 415
2022-02-27 11:33:05 - PHP Warning:  Undefined array key "filter_attribute_group_id" in E:\projects\opencart\opencart\upload\admin\controller\catalog\attribute.php on line 415
2022-02-27 14:11:01 - PHP Unknown:  mysqli::real_escape_string(): Passing null to parameter #1 ($string) of type string is deprecated in E:\projects\opencart\opencart\upload\system\library\db\mysqli.php on line 53
2022-02-27 14:11:01 - PHP Warning:  Cannot modify header information - headers already sent by (output started at E:\projects\opencart\opencart\upload\system\framework.php:42) in E:\projects\opencart\opencart\upload\catalog\controller\startup\session.php on line 25
2022-02-27 14:11:01 - PHP Unknown:  Automatic conversion of false to array is deprecated in E:\projects\opencart\opencart\upload\catalog\controller\startup\startup.php on line 103
2022-02-27 14:11:01 - PHP Warning:  Cannot modify header information - headers already sent by (output started at E:\projects\opencart\opencart\upload\system\framework.php:42) in E:\projects\opencart\opencart\upload\catalog\controller\startup\startup.php on line 107
2022-02-27 14:11:01 - PHP Warning:  Cannot modify header information - headers already sent by (output started at E:\projects\opencart\opencart\upload\system\framework.php:42) in E:\projects\opencart\opencart\upload\catalog\controller\startup\startup.php on line 167
2022-02-27 14:11:02 - PHP Unknown:  round(): Passing null to parameter #1 ($num) of type int|float is deprecated in E:\projects\opencart\opencart\upload\catalog\model\catalog\product.php on line 45
2022-02-27 14:11:02 - PHP Unknown:  round(): Passing null to parameter #1 ($num) of type int|float is deprecated in E:\projects\opencart\opencart\upload\catalog\model\catalog\product.php on line 45
2022-02-27 14:11:02 - PHP Unknown:  round(): Passing null to parameter #1 ($num) of type int|float is deprecated in E:\projects\opencart\opencart\upload\catalog\model\catalog\product.php on line 45
2022-02-27 14:11:02 - PHP Unknown:  round(): Passing null to parameter #1 ($num) of type int|float is deprecated in E:\projects\opencart\opencart\upload\catalog\model\catalog\product.php on line 45
2022-02-27 14:11:22 - PHP Unknown:  round(): Passing null to parameter #1 ($num) of type int|float is deprecated in E:\projects\opencart\opencart\upload\admin\controller\extension\dashboard\sale.php on line 116
2022-02-27 14:11:41 - PHP Unknown:  round(): Passing null to parameter #1 ($num) of type int|float is deprecated in E:\projects\opencart\opencart\upload\admin\controller\extension\dashboard\sale.php on line 116
2022-02-27 15:39:11 - PHP Unknown:  Automatic conversion of false to array is deprecated in E:\projects\opencart\opencart\upload\system\library\cart\user.php on line 43
2022-02-27 15:39:11 - PHP Warning:  Cannot modify header information - headers already sent by (output started at E:\projects\opencart\opencart\upload\admin\controller\startup\error.php:34) in E:\projects\opencart\opencart\upload\system\library\response.php on line 36
